17:14:51: Creating resource group General
17:14:51: Creating resource group Internal
17:14:51: Creating resource group Autodetect
17:14:51: SceneManagerFactory for type 'DefaultSceneManager' registered.
17:14:51: Registering ResourceManager for type Material
17:14:51: Registering ResourceManager for type Mesh
17:14:51: Registering ResourceManager for type Skeleton
17:14:51: MovableObjectFactory for type 'ParticleSystem' registered.
17:14:51: OverlayElementFactory for type Panel registered.
17:14:51: OverlayElementFactory for type BorderPanel registered.
17:14:51: OverlayElementFactory for type TextArea registered.
17:14:51: Registering ResourceManager for type Font
17:14:51: ArchiveFactory for archive type FileSystem registered.
17:14:51: ArchiveFactory for archive type Zip registered.
17:14:51: DDS codec registering
17:14:51: FreeImage version: 3.15.1
17:14:51: This program uses FreeImage, a free, open source image library supporting all common bitmap formats. See http://freeimage.sourceforge.net for details
17:14:51: Supported formats: bmp,ico,jpg,jif,jpeg,jpe,jng,koa,iff,lbm,mng,pbm,pbm,pcd,pcx,pgm,pgm,png,ppm,ppm,ras,tga,targa,tif,tiff,wap,wbmp,wbm,psd,cut,xbm,xpm,gif,hdr,g3,sgi,exr,j2k,j2c,jp2,pfm,pct,pict,pic,3fr,arw,bay,bmq,cap,cine,cr2,crw,cs1,dc2,dcr,drf,dsc,dng,erf,fff,ia,iiq,k25,kc2,kdc,mdc,mef,mos,mrw,nef,nrw,orf,pef,ptx,pxn,qtk,raf,raw,rdc,rw2,rwl,rwz,sr2,srf,sti
17:14:51: Registering ResourceManager for type HighLevelGpuProgram
17:14:51: Registering ResourceManager for type Compositor
17:14:51: MovableObjectFactory for type 'Entity' registered.
17:14:51: MovableObjectFactory for type 'Light' registered.
17:14:51: MovableObjectFactory for type 'BillboardSet' registered.
17:14:51: MovableObjectFactory for type 'ManualObject' registered.
17:14:51: MovableObjectFactory for type 'BillboardChain' registered.
17:14:51: MovableObjectFactory for type 'RibbonTrail' registered.
17:14:51: Loading library /usr/lib/OGRE/RenderSystem_GL
17:14:51: Installing plugin: GL RenderSystem
17:14:51: OpenGL Rendering Subsystem created.
17:14:51: Plugin successfully installed
17:14:51: Loading library /usr/lib/OGRE/Plugin_ParticleFX
17:14:51: Installing plugin: ParticleFX
17:14:51: Particle Emitter Type 'Point' registered
17:14:51: Particle Emitter Type 'Box' registered
17:14:51: Particle Emitter Type 'Ellipsoid' registered
17:14:51: Particle Emitter Type 'Cylinder' registered
17:14:51: Particle Emitter Type 'Ring' registered
17:14:51: Particle Emitter Type 'HollowEllipsoid' registered
17:14:51: Particle Affector Type 'LinearForce' registered
17:14:51: Particle Affector Type 'ColourFader' registered
17:14:51: Particle Affector Type 'ColourFader2' registered
17:14:51: Particle Affector Type 'ColourImage' registered
17:14:51: Particle Affector Type 'ColourInterpolator' registered
17:14:51: Particle Affector Type 'Scaler' registered
17:14:51: Particle Affector Type 'Rotator' registered
17:14:51: Particle Affector Type 'DirectionRandomiser' registered
17:14:51: Particle Affector Type 'DeflectorPlane' registered
17:14:51: Plugin successfully installed
17:14:51: Loading library /usr/lib/OGRE/Plugin_BSPSceneManager
17:14:51: Installing plugin: BSP Scene Manager
17:14:51: Plugin successfully installed
17:14:51: Loading library /usr/lib/OGRE/Plugin_OctreeSceneManager
17:14:51: Installing plugin: Octree & Terrain Scene Manager
17:14:51: Plugin successfully installed
17:14:51: Loading library /usr/lib/OGRE/Plugin_CgProgramManager
17:14:51: Installing plugin: Cg Program Manager
17:14:51: Plugin successfully installed
17:14:51: *-*-* OGRE Initialising
17:14:51: *-*-* Version 1.7.2 (Cthugha)
17:14:51: Creating resource group Bootstrap
17:14:51: Added resource location 'data/packs/OgreCore.zip' of type 'Zip' to resource group 'Bootstrap'
17:14:51: Added resource location 'data' of type 'FileSystem' to resource group 'General'
17:14:51: Added resource location 'data/materials/programs' of type 'FileSystem' to resource group 'General'
17:14:51: Added resource location 'data/materials/scripts' of type 'FileSystem' to resource group 'General'
17:14:51: Added resource location 'data/materials/textures' of type 'FileSystem' to resource group 'General'
17:14:51: Added resource location 'data/381/materials' of type 'FileSystem' to resource group 'General'
17:14:51: Added resource location 'data/381/materials/programs' of type 'FileSystem' to resource group 'General'
17:14:51: Added resource location 'data/381/materials/scripts' of type 'FileSystem' to resource group 'General'
17:14:51: Added resource location 'data/381/materials/textures' of type 'FileSystem' to resource group 'General'
17:14:51: Added resource location 'data/381/material2' of type 'FileSystem' to resource group 'General'
17:14:51: Added resource location 'data/381/material2/programs' of type 'FileSystem' to resource group 'General'
17:14:51: Added resource location 'data/381/material2/scripts' of type 'FileSystem' to resource group 'General'
17:14:51: Added resource location 'data/381/material2/textures' of type 'FileSystem' to resource group 'General'
17:14:51: Added resource location 'data/381/meshes' of type 'FileSystem' to resource group 'General'
17:14:51: Added resource location 'data/381/textures' of type 'FileSystem' to resource group 'General'
17:14:51: Added resource location 'data/models' of type 'FileSystem' to resource group 'General'
17:14:51: Added resource location 'data/overlays' of type 'FileSystem' to resource group 'General'
17:14:51: Added resource location 'data/particle' of type 'FileSystem' to resource group 'General'
17:14:51: Added resource location 'data/gui' of type 'FileSystem' to resource group 'General'
17:14:51: Added resource location 'data/packs/cubemap.zip' of type 'Zip' to resource group 'General'
17:14:51: Added resource location 'data/packs/cubemapsJS.zip' of type 'Zip' to resource group 'General'
17:14:51: Added resource location 'data/packs/dragon.zip' of type 'Zip' to resource group 'General'
17:14:51: Added resource location 'data/packs/fresneldemo.zip' of type 'Zip' to resource group 'General'
17:14:51: Added resource location 'data/packs/ogretestmap.zip' of type 'Zip' to resource group 'General'
17:14:51: Added resource location 'data/packs/skybox.zip' of type 'Zip' to resource group 'General'
17:14:51: CPU Identifier & Features
17:14:51: -------------------------
17:14:51:  *   CPU ID: GenuineIntel: Intel(R) Core(TM) i7-2600 CPU @ 3.40GHz
17:14:51:  *      SSE: yes
17:14:51:  *     SSE2: yes
17:14:51:  *     SSE3: yes
17:14:51:  *      MMX: yes
17:14:51:  *   MMXEXT: yes
17:14:51:  *    3DNOW: no
17:14:51:  * 3DNOWEXT: no
17:14:51:  *     CMOV: yes
17:14:51:  *      TSC: yes
17:14:51:  *      FPU: yes
17:14:51:  *      PRO: yes
17:14:51:  *       HT: no
17:14:51: -------------------------
17:14:51: ******************************
*** Starting GLX Subsystem ***
******************************
17:14:51: GLRenderSystem::_createRenderWindow "CS 381 Spring 2012 Engine Version 1.0", 1024x768 windowed  miscParams: FSAA=0 displayFrequency=60 MHz gamma=No vsync=No 
17:14:51: GLXWindow::create used FBConfigID = 109
17:14:51: GL_VERSION = 3.0 Mesa 8.0.4
17:14:51: GL_VENDOR = Tungsten Graphics, Inc
17:14:51: GL_RENDERER = Mesa DRI Intel(R) Sandybridge Desktop 
17:14:51: GL_EXTENSIONS = GL_ARB_multisample GL_EXT_abgr GL_EXT_bgra GL_EXT_blend_color GL_EXT_blend_minmax GL_EXT_blend_subtract GL_EXT_copy_texture GL_EXT_polygon_offset GL_EXT_subtexture GL_EXT_texture_object GL_EXT_vertex_array GL_EXT_compiled_vertex_array GL_EXT_texture GL_EXT_texture3D GL_IBM_rasterpos_clip GL_ARB_point_parameters GL_EXT_draw_range_elements GL_EXT_packed_pixels GL_EXT_point_parameters GL_EXT_rescale_normal GL_EXT_separate_specular_color GL_EXT_texture_edge_clamp GL_SGIS_generate_mipmap GL_SGIS_texture_border_clamp GL_SGIS_texture_edge_clamp GL_SGIS_texture_lod GL_ARB_framebuffer_sRGB GL_ARB_multitexture GL_EXT_framebuffer_sRGB GL_IBM_multimode_draw_arrays GL_IBM_texture_mirrored_repeat GL_3DFX_texture_compression_FXT1 GL_ARB_texture_cube_map GL_ARB_texture_env_add GL_ARB_transpose_matrix GL_EXT_blend_func_separate GL_EXT_fog_coord GL_EXT_multi_draw_arrays GL_EXT_secondary_color GL_EXT_texture_env_add GL_EXT_texture_filter_anisotropic GL_EXT_texture_lod_bias GL_INGR_blend_func_separate GL_NV_blend_square GL_NV_light_max_exponent GL_NV_texgen_reflection GL_NV_texture_env_combine4 GL_SUN_multi_draw_arrays GL_ARB_texture_border_clamp GL_ARB_texture_compression GL_EXT_framebuffer_object GL_EXT_texture_env_combine GL_EXT_texture_env_dot3 GL_MESA_window_pos GL_NV_packed_depth_stencil GL_NV_texture_rectangle GL_NV_vertex_program GL_ARB_depth_texture GL_ARB_occlusion_query GL_ARB_shadow GL_ARB_texture_env_combine GL_ARB_texture_env_crossbar GL_ARB_texture_env_dot3 GL_ARB_texture_mirrored_repeat GL_ARB_window_pos GL_ATI_envmap_bumpmap GL_EXT_stencil_two_side GL_EXT_texture_cube_map GL_NV_depth_clamp GL_NV_vertex_program1_1 GL_APPLE_packed_pixels GL_APPLE_vertex_array_object GL_ARB_draw_buffers GL_ARB_fragment_program GL_ARB_fragment_shader GL_ARB_shader_objects GL_ARB_vertex_program GL_ARB_vertex_shader GL_ATI_draw_buffers GL_ATI_texture_env_combine3 GL_ATI_texture_float GL_EXT_shadow_funcs GL_EXT_stencil_wrap GL_MESA_pack_invert GL_MESA_ycbcr_texture GL_ARB_depth_clamp GL_ARB_fragment_program_shadow GL_ARB_half_float_pixel GL_ARB_point_sprite GL_ARB_shading_language_100 GL_ARB_sync GL_ARB_texture_non_power_of_two GL_ARB_vertex_buffer_object GL_ATI_blend_equation_separate GL_EXT_blend_equation_separate GL_OES_read_format GL_ARB_color_buffer_float GL_ARB_pixel_buffer_object GL_ARB_texture_compression_rgtc GL_ARB_texture_float GL_ARB_texture_rectangle GL_EXT_packed_float GL_EXT_pixel_buffer_object GL_EXT_texture_compression_rgtc GL_EXT_texture_rectangle GL_EXT_texture_sRGB GL_EXT_texture_shared_exponent GL_ARB_framebuffer_object GL_EXT_framebuffer_blit GL_EXT_framebuffer_multisample GL_EXT_packed_depth_stencil GL_APPLE_object_purgeable GL_ARB_vertex_array_object GL_ATI_separate_stencil GL_EXT_draw_buffers2 GL_EXT_gpu_program_parameters GL_EXT_texture_array GL_EXT_texture_integer GL_EXT_texture_sRGB_decode GL_EXT_timer_query GL_OES_EGL_image GL_MESA_texture_array GL_ARB_copy_buffer GL_ARB_depth_buffer_float GL_ARB_half_float_vertex GL_ARB_map_buffer_range GL_ARB_texture_rg GL_ARB_texture_swizzle GL_ARB_vertex_array_bgra GL_EXT_separate_shader_objects GL_EXT_texture_swizzle GL_EXT_vertex_array_bgra GL_NV_conditional_render GL_ARB_ES2_compatibility GL_ARB_draw_elements_base_vertex GL_ARB_explicit_attrib_location GL_ARB_fragment_coord_conventions GL_ARB_provoking_vertex GL_ARB_sampler_objects GL_ARB_seamless_cube_map GL_ARB_shader_texture_lod GL_EXT_provoking_vertex GL_EXT_texture_snorm GL_MESA_texture_signed_rgba GL_ARB_robustness GL_EXT_transform_feedback 
17:14:51: Supported GLX extensions: GLX_ARB_get_proc_address GLX_ARB_multisample GLX_EXT_import_context GLX_EXT_visual_info GLX_EXT_visual_rating GLX_MESA_copy_sub_buffer GLX_MESA_multithread_makecurrent GLX_MESA_swap_control GLX_OML_swap_method GLX_OML_sync_control GLX_SGI_make_current_read GLX_SGI_swap_control GLX_SGI_video_sync GLX_SGIS_multisample GLX_SGIX_fbconfig GLX_SGIX_pbuffer GLX_SGIX_visual_select_group GLX_EXT_texture_from_pixmap 
17:14:51: ***************************
17:14:51: *** GL Renderer Started ***
17:14:51: ***************************
17:14:51: Registering ResourceManager for type GpuProgram
17:14:51: GLSL support detected
17:14:51: GL: Using GL_EXT_framebuffer_object for rendering to textures (best)
17:14:51: FBO PF_UNKNOWN depth/stencil support: D0S1 D0S4 D0S8 D0S16 D16S0 D24S0 D24S1 D24S4 D24S8 D24S16 D32S0 D32S1 D32S4 D32S8 D32S16 Packed-D24S8 
17:14:51: FBO PF_A8 depth/stencil support: D0S0 D0S1 D0S4 D0S8 D0S16 D16S0 D24S0 D24S1 D24S4 D24S8 D24S16 D32S0 D32S1 D32S4 D32S8 D32S16 Packed-D24S8 
17:14:51: FBO PF_R5G6B5 depth/stencil support: D0S0 D0S1 D0S4 D0S8 D0S16 D16S0 D24S0 D24S1 D24S4 D24S8 D24S16 D32S0 D32S1 D32S4 D32S8 D32S16 Packed-D24S8 
17:14:51: FBO PF_B5G6R5 depth/stencil support: D0S0 D0S1 D0S4 D0S8 D0S16 D16S0 D24S0 D24S1 D24S4 D24S8 D24S16 D32S0 D32S1 D32S4 D32S8 D32S16 Packed-D24S8 
17:14:51: FBO PF_A4R4G4B4 depth/stencil support: D0S0 D0S1 D0S4 D0S8 D0S16 D16S0 D24S0 D24S1 D24S4 D24S8 D24S16 D32S0 D32S1 D32S4 D32S8 D32S16 Packed-D24S8 
17:14:51: FBO PF_A1R5G5B5 depth/stencil support: D0S0 D0S1 D0S4 D0S8 D0S16 D16S0 D24S0 D24S1 D24S4 D24S8 D24S16 D32S0 D32S1 D32S4 D32S8 D32S16 Packed-D24S8 
17:14:51: FBO PF_R8G8B8 depth/stencil support: D0S0 D0S1 D0S4 D0S8 D0S16 D16S0 D24S0 D24S1 D24S4 D24S8 D24S16 D32S0 D32S1 D32S4 D32S8 D32S16 Packed-D24S8 
17:14:51: FBO PF_B8G8R8 depth/stencil support: D0S0 D0S1 D0S4 D0S8 D0S16 D16S0 D24S0 D24S1 D24S4 D24S8 D24S16 D32S0 D32S1 D32S4 D32S8 D32S16 Packed-D24S8 
17:14:51: FBO PF_A8R8G8B8 depth/stencil support: D0S0 D0S1 D0S4 D0S8 D0S16 D16S0 D24S0 D24S1 D24S4 D24S8 D24S16 D32S0 D32S1 D32S4 D32S8 D32S16 Packed-D24S8 
17:14:51: FBO PF_B8G8R8A8 depth/stencil support: D0S0 D0S1 D0S4 D0S8 D0S16 D16S0 D24S0 D24S1 D24S4 D24S8 D24S16 D32S0 D32S1 D32S4 D32S8 D32S16 Packed-D24S8 
17:14:51: FBO PF_A2R10G10B10 depth/stencil support: D0S0 D0S1 D0S4 D0S8 D0S16 D16S0 D24S0 D24S1 D24S4 D24S8 D24S16 D32S0 D32S1 D32S4 D32S8 D32S16 Packed-D24S8 
17:14:51: FBO PF_A2B10G10R10 depth/stencil support: D0S0 D0S1 D0S4 D0S8 D0S16 D16S0 D24S0 D24S1 D24S4 D24S8 D24S16 D32S0 D32S1 D32S4 D32S8 D32S16 Packed-D24S8 
17:14:51: FBO PF_FLOAT16_RGB depth/stencil support: D0S0 D0S1 D0S4 D0S8 D0S16 D16S0 D24S0 D24S1 D24S4 D24S8 D24S16 D32S0 D32S1 D32S4 D32S8 D32S16 Packed-D24S8 
17:14:51: FBO PF_FLOAT16_RGBA depth/stencil support: D0S0 D0S1 D0S4 D0S8 D0S16 D16S0 D24S0 D24S1 D24S4 D24S8 D24S16 D32S0 D32S1 D32S4 D32S8 D32S16 Packed-D24S8 
17:14:51: FBO PF_FLOAT32_RGB depth/stencil support: D0S0 D0S1 D0S4 D0S8 D0S16 D16S0 D24S0 D24S1 D24S4 D24S8 D24S16 D32S0 D32S1 D32S4 D32S8 D32S16 Packed-D24S8 
17:14:51: FBO PF_FLOAT32_RGBA depth/stencil support: D0S0 D0S1 D0S4 D0S8 D0S16 D16S0 D24S0 D24S1 D24S4 D24S8 D24S16 D32S0 D32S1 D32S4 D32S8 D32S16 Packed-D24S8 
17:14:51: FBO PF_X8R8G8B8 depth/stencil support: D0S0 D0S1 D0S4 D0S8 D0S16 D16S0 D24S0 D24S1 D24S4 D24S8 D24S16 D32S0 D32S1 D32S4 D32S8 D32S16 Packed-D24S8 
17:14:51: FBO PF_X8B8G8R8 depth/stencil support: D0S0 D0S1 D0S4 D0S8 D0S16 D16S0 D24S0 D24S1 D24S4 D24S8 D24S16 D32S0 D32S1 D32S4 D32S8 D32S16 Packed-D24S8 
17:14:51: FBO PF_SHORT_RGBA depth/stencil support: D0S0 D0S1 D0S4 D0S8 D0S16 D16S0 D24S0 D24S1 D24S4 D24S8 D24S16 D32S0 D32S1 D32S4 D32S8 D32S16 Packed-D24S8 
17:14:51: FBO PF_R3G3B2 depth/stencil support: D0S0 D0S1 D0S4 D0S8 D0S16 D16S0 D24S0 D24S1 D24S4 D24S8 D24S16 D32S0 D32S1 D32S4 D32S8 D32S16 Packed-D24S8 
17:14:51: FBO PF_FLOAT16_R depth/stencil support: D0S0 D0S1 D0S4 D0S8 D0S16 D16S0 D24S0 D24S1 D24S4 D24S8 D24S16 D32S0 D32S1 D32S4 D32S8 D32S16 Packed-D24S8 
17:14:51: FBO PF_FLOAT32_R depth/stencil support: D0S0 D0S1 D0S4 D0S8 D0S16 D16S0 D24S0 D24S1 D24S4 D24S8 D24S16 D32S0 D32S1 D32S4 D32S8 D32S16 Packed-D24S8 
17:14:51: FBO PF_SHORT_RGB depth/stencil support: D0S0 D0S1 D0S4 D0S8 D0S16 D16S0 D24S0 D24S1 D24S4 D24S8 D24S16 D32S0 D32S1 D32S4 D32S8 D32S16 Packed-D24S8 
17:14:51: [GL] : Valid FBO targets PF_UNKNOWN PF_A8 PF_R5G6B5 PF_B5G6R5 PF_A4R4G4B4 PF_A1R5G5B5 PF_R8G8B8 PF_B8G8R8 PF_A8R8G8B8 PF_B8G8R8A8 PF_A2R10G10B10 PF_A2B10G10R10 PF_FLOAT16_RGB PF_FLOAT16_RGBA PF_FLOAT32_RGB PF_FLOAT32_RGBA PF_X8R8G8B8 PF_X8B8G8R8 PF_SHORT_RGBA PF_R3G3B2 PF_FLOAT16_R PF_FLOAT32_R PF_SHORT_RGB 
17:14:51: RenderSystem capabilities
17:14:51: -------------------------
17:14:51: RenderSystem Name: OpenGL Rendering Subsystem
17:14:51: GPU Vendor: unknown
17:14:51: Device Name: Mesa DRI Intel(R) Sandybridge Desktop 
17:14:51: Driver Version: 3.0.0.0
17:14:51:  * Fixed function pipeline: yes
17:14:51:  * Hardware generation of mipmaps: yes
17:14:51:  * Texture blending: yes
17:14:51:  * Anisotropic texture filtering: yes
17:14:51:  * Dot product texture operation: yes
17:14:51:  * Cube mapping: yes
17:14:51:  * Hardware stencil buffer: yes
17:14:51:    - Stencil depth: 8
17:14:51:    - Two sided stencil support: yes
17:14:51:    - Wrap stencil values: yes
17:14:51:  * Hardware vertex / index buffers: yes
17:14:51:  * Vertex programs: yes
17:14:51:  * Number of floating-point constants for vertex programs: 4096
17:14:51:  * Number of integer constants for vertex programs: 0
17:14:51:  * Number of boolean constants for vertex programs: 0
17:14:51:  * Fragment programs: yes
17:14:51:  * Number of floating-point constants for fragment programs: 4096
17:14:51:  * Number of integer constants for fragment programs: 0
17:14:51:  * Number of boolean constants for fragment programs: 0
17:14:51:  * Geometry programs: no
17:14:51:  * Number of floating-point constants for geometry programs: 0
17:14:51:  * Number of integer constants for geometry programs: 0
17:14:51:  * Number of boolean constants for geometry programs: 0
17:14:51:  * Supported Shader Profiles: arbfp1 arbvp1 glsl
17:14:51:  * Texture Compression: yes
17:14:51:    - DXT: no
17:14:51:    - VTC: no
17:14:51:    - PVRTC: no
17:14:51:  * Scissor Rectangle: yes
17:14:51:  * Hardware Occlusion Query: yes
17:14:51:  * User clip planes: yes
17:14:51:  * VET_UBYTE4 vertex element type: yes
17:14:51:  * Infinite far plane projection: yes
17:14:51:  * Hardware render-to-texture: yes
17:14:51:  * Floating point textures: yes
17:14:51:  * Non-power-of-two textures: yes
17:14:51:  * Volume textures: yes
17:14:51:  * Multiple Render Targets: 8
17:14:51:    - With different bit depths: yes
17:14:51:  * Point Sprites: yes
17:14:51:  * Extended point parameters: yes
17:14:51:  * Max Point Size: 255
17:14:51:  * Vertex texture fetch: yes
17:14:51:  * Number of world matrices: 0
17:14:51:  * Number of texture units: 16
17:14:51:  * Stencil buffer depth: 8
17:14:51:  * Number of vertex blend matrices: 0
17:14:51:    - Max vertex textures: 16
17:14:51:    - Vertex textures shared: yes
17:14:51:  * Render to Vertex Buffer : no
17:14:51:  * GL 1.5 without VBO workaround: no
17:14:51:  * Frame Buffer objects: yes
17:14:51:  * Frame Buffer objects (ARB extension): no
17:14:51:  * Frame Buffer objects (ATI extension): no
17:14:51:  * PBuffer support: yes
17:14:51:  * GL 1.5 without HW-occlusion workaround: no
17:14:51: Registering ResourceManager for type Texture
17:14:51: DefaultWorkQueue('Root') initialising on thread 0x26d9150.
17:14:51: DefaultWorkQueue('Root')::WorkerFunc - thread 0x2909120 starting.
17:14:51: DefaultWorkQueue('Root')::WorkerFunc - thread 0x35a7a30 starting.
17:14:51: DefaultWorkQueue('Root')::WorkerFunc - thread 0x35a7d60 starting.
17:14:51: DefaultWorkQueue('Root')::WorkerFunc - thread 0x35a81f0 starting.
17:14:51: DefaultWorkQueue('Root')::WorkerFunc - thread 0x35a8520 starting.
17:14:51: DefaultWorkQueue('Root')::WorkerFunc - thread 0x35a8830 starting.
17:14:51: DefaultWorkQueue('Root')::WorkerFunc - thread 0x35a8b60 starting.
17:14:51: DefaultWorkQueue('Root')::WorkerFunc - thread 0x35a8e90 starting.
17:14:51: Particle Renderer Type 'billboard' registered
17:14:51: SceneManagerFactory for type 'BspSceneManager' registered.
17:14:51: Registering ResourceManager for type BspLevel
17:14:51: SceneManagerFactory for type 'OctreeSceneManager' registered.
17:14:51: SceneManagerFactory for type 'TerrainSceneManager' registered.
17:14:51: Parsing scripts for resource group Autodetect
17:14:51: Finished parsing scripts for resource group Autodetect
17:14:51: Parsing scripts for resource group Bootstrap
17:14:51: Parsing script OgreCore.material
17:14:51: Parsing script OgreProfiler.material
17:14:51: Parsing script Ogre.fontdef
17:14:51: Parsing script OgreDebugPanel.overlay
17:14:51: Texture: New_Ogre_Border_Center.png: Loading 1 faces(PF_A8R8G8B8,256x128x1) with 5 hardware generated mipmaps from Image. Internal format is PF_A8R8G8B8,256x128x1.
17:14:51: Texture: New_Ogre_Border.png: Loading 1 faces(PF_A8R8G8B8,256x256x1) with 5 hardware generated mipmaps from Image. Internal format is PF_A8R8G8B8,256x256x1.
17:14:51: Texture: New_Ogre_Border_Break.png: Loading 1 faces(PF_A8R8G8B8,32x32x1) with 5 hardware generated mipmaps from Image. Internal format is PF_A8R8G8B8,32x32x1.
17:14:51: Texture: ogretext.png: Loading 1 faces(PF_A8R8G8B8,256x128x1) with 5 hardware generated mipmaps from Image. Internal format is PF_A8R8G8B8,256x128x1.
17:14:51: Parsing script OgreLoadingPanel.overlay
17:14:51: Finished parsing scripts for resource group Bootstrap
17:14:51: Parsing scripts for resource group General
17:14:51: Parsing script StdQuad_vp.program
17:14:51: Parsing script Examples.program
17:14:51: GLSL compiled : Ogre/BasicVertexPrograms/AmbientOneTextureGLSL
17:14:51: GLSL compiled : Ogre/HardwareSkinningTwoWeightsGLSL
17:14:51: Parsing script Examples-Advanced.material
17:14:51: Compiler error: object unsupported by render system in Examples-Advanced.material(381)
17:14:51: Parsing script CGSwizzle.material
17:14:51: Parsing script Halftone.material
17:14:51: Parsing script IsoSurf.material
17:14:51: Parsing script shipInfo.material
17:14:51: Parsing script OffsetMapping.material
17:14:51: Compiler error: object unsupported by render system in OffsetMapping.material(18)
17:14:51: GLSL compiled : Examples/OffsetMappingIntegratedShadowsFPglsl
17:14:51: GLSL compiled : Examples/OffsetMappingIntegratedShadowsVPglsl
17:14:51: Parsing script RadialBlur.material
17:14:51: Parsing script missile.material
17:14:51: Compiler error: unknown error in missile.material(7): token "59.4555039496997," is not recognized
17:14:51: Parsing script Tiling.material
17:14:51: Parsing script SharpenEdges.material
17:14:51: Parsing script cargo.material
17:14:51: Parsing script wake.material
17:14:51: Parsing script Example-Water.material
17:14:51: Parsing script Laplace.material
17:14:51: Parsing script DOF.material
17:14:51: Parsing script Invert.material
17:14:51: Parsing script smoke.material
17:14:51: Parsing script pssm.material
17:14:51: Parsing script ParticleGS.material
17:14:51: Parsing script Example-DynTex.material
17:14:51: Parsing script Embossed.material
17:14:51: Parsing script ASCII.material
17:14:51: Parsing script alienship.material
17:14:51: Compiler error: unknown error in alienship.material(90): token "1.0," is not recognized
17:14:51: Parsing script Example.material
17:14:51: OGRE EXCEPTION(2:InvalidParametersException): Parameter called camObjPos does not exist.  in GpuProgramParameters::_findNamedConstantDefinition at /root/development/ogre/OgreMain/src/OgreGpuProgramParams.cpp (line 1433)
17:14:51: Compiler error: invalid parameters in Example.material(762): setting of constant failed
17:14:52: GLSL compiled : Ogre/HardwareSkinningTwoWeightsShadowCasterGLSL
17:14:52: Parsing script daedalus.material
17:14:52: Parsing script HeatVision.material
17:14:52: Parsing script Ocean.material
17:14:52: GLSL compiled : GLSL/OceanVS
17:14:52: GLSL compiled : GLSL/OceanFS
17:14:52: GLSL compiled : GLSL/Ocean2VS
17:14:52: GLSL compiled : GLSL/Ocean2FS
17:14:52: Parsing script MotionBlur.material
17:14:52: Parsing script rmenu.material
17:14:52: Parsing script cursor.material
17:14:52: Parsing script hdr.material
17:14:52: GLSL compiled : Ogre/Compositor/HDR/downscale2x2LuminenceGLSL_fp
17:14:52: GLSL compiled : Ogre/Compositor/StdQuad_GLSL_vp
17:14:52: GLSL compiled : Ogre/Compositor/HDR/downscale3x3GLSL_fp
17:14:52: GLSL compiled : Ogre/Compositor/HDR/utils_fp
17:14:52: GLSL compiled : Ogre/Compositor/HDR/downscale3x3brightpassGLSL_fp
17:14:52: GLSL compiled : Ogre/Compositor/HDR/bloomGLSL_fp
17:14:52: GLSL compiled : Ogre/Compositor/HDR/utils_fp
17:14:52: GLSL compiled : Ogre/Compositor/HDR/finaltonemappingGLSL_fp
17:14:52: Parsing script cigarette.material
17:14:52: Parsing script DepthShadowmap.material
17:14:52: GLSL compiled : Ogre/DepthShadowmap/CasterVP_GLSL
17:14:52: GLSL compiled : Ogre/DepthShadowmap/CasterFP_GLSL
17:14:52: GLSL compiled : Ogre/DepthShadowmap/ReceiverVP_GLSL
17:14:52: GLSL compiled : Ogre/DepthShadowmap/ReceiverFP_GLSL
17:14:52: GLSL compiled : Ogre/DepthShadowmap/ReceiverFPPCF_GLSL
17:14:52: GLSL compiled : Ogre/DepthShadowmap/NormalMapReceiverVP_GLSL
17:14:52: GLSL compiled : Ogre/DepthShadowmap/NormalMapReceiverFP_GLSL
17:14:52: GLSL compiled : Ogre/DepthShadowmap/NormalMapReceiverFPPCF_GLSL
17:14:52: Parsing script NightVision.material
17:14:52: Parsing script MRTtest.material
17:14:52: GLSL compiled : Ogre/MRTtest/scenefp/GLSL
17:14:52: GLSL compiled : Ogre/MRTtest/quadfp/GLSL
17:14:52: Parsing script Glass.material
17:14:52: Parsing script f1Overlay.material
17:14:52: Parsing script instancing.material
17:14:52: GLSL compiled : InstancingGLSL
17:14:52: GLSL compiled : InstancingShadowCasterGLSL
17:14:52: GLSL compiled : CrowdGLSL
17:14:52: GLSL compiled : CrowdShadowCasterGLSL
17:14:52: Parsing script sleek.material
17:14:52: Parsing script ui.material
17:14:52: Parsing script Posterize.material
17:14:52: Parsing script Scene.material
17:14:52: Parsing script OgreOcean.material
17:14:52: GLSL compiled : GLSL/OceanVS
17:14:52: GLSL compiled : GLSL/OceanFS
17:14:52: Parsing script OldMovie.material
17:14:52: Parsing script ASMSwizzle.material
17:14:52: Compiler error: object unsupported by render system in ASMSwizzle.material(1)
17:14:52: Parsing script GLSLSwizzle.material
17:14:52: GLSL compiled : Ogre/GPTest/Passthrough_VP_GLSL
17:14:52: Parsing script ddg51.material
17:14:52: Parsing script button.material
17:14:52: Parsing script OldTV.material
17:14:52: Parsing script Dither.material
17:14:52: Parsing script sailboat.material
17:14:52: Compiler error: unknown error in sailboat.material(87): token "60.0," is not recognized
17:14:52: Parsing script cvn68.material
17:14:52: Parsing script RZR-002.material
17:14:52: Parsing script Hurt.material
17:14:52: Parsing script fighter.material
17:14:52: Parsing script BlackAndWhite.material
17:14:52: Parsing script boat.material
17:14:52: Parsing script Bloom.material
17:14:52: GLSL compiled : Blur_ps_glsl
17:14:52: GLSL compiled : Blur0_vs_glsl
17:14:52: GLSL compiled : Blur1_vs_glsl
17:14:52: Parsing script Ogre.material
17:14:52: Parsing script Bloom2.material
17:14:52: GLSL compiled : Bloom2_ps20_glsl
17:14:52: Parsing script VarianceShadowmap.material
17:14:52: Parsing script facial.material
17:14:52: Parsing script PythonOgreDebugPanel.material
17:14:52: Parsing script RomanBath.material
17:14:52: Parsing script emitted_emitter.particle
17:14:52: Parsing script Example.particle
17:14:52: Parsing script Example-Water.particle
17:14:52: Parsing script smoke.particle
17:14:52: Parsing script wake.particle
17:14:52: Compiler error: invalid parameters in wake.particle(22)
17:14:52: Parsing script Examples.compositor
17:14:52: Parsing script Compositor.overlay
17:14:52: Parsing script DP3.overlay
17:14:52: Parsing script Example-DynTex.overlay
17:14:52: Parsing script Shadows.overlay
17:14:52: Parsing script PythonOgreDebugPanel.overlay
17:14:52: Texture: popanel.png: Loading 1 faces(PF_A8R8G8B8,638x90x1) with 5 hardware generated mipmaps from Image. Internal format is PF_A8R8G8B8,638x90x1.
17:14:52: Parsing script Example-CubeMapping.overlay
17:14:52: Parsing script Example-Water.overlay
17:14:52: Finished parsing scripts for resource group General
17:14:52: Parsing scripts for resource group Internal
17:14:52: Finished parsing scripts for resource group Internal
17:14:52: Texture: NoiseVolume.dds: Loading 1 faces(PF_L8,128x128x128) with 5 hardware generated mipmaps from Image. Internal format is PF_L8,128x128x128.
17:14:52: Texture: morning.jpg: Loading 6 faces(PF_R8G8B8,512x512x1) with 5 hardware generated mipmaps from multiple Images. Internal format is PF_X8R8G8B8,512x512x1.
17:14:52: Texture: morning_fr.jpg: Loading 1 faces(PF_R8G8B8,512x512x1) with 5 hardware generated mipmaps from Image. Internal format is PF_X8R8G8B8,512x512x1.
17:14:52: Texture: morning_bk.jpg: Loading 1 faces(PF_R8G8B8,512x512x1) with 5 hardware generated mipmaps from Image. Internal format is PF_X8R8G8B8,512x512x1.
17:14:52: Texture: morning_lf.jpg: Loading 1 faces(PF_R8G8B8,512x512x1) with 5 hardware generated mipmaps from Image. Internal format is PF_X8R8G8B8,512x512x1.
17:14:52: Texture: morning_rt.jpg: Loading 1 faces(PF_R8G8B8,512x512x1) with 5 hardware generated mipmaps from Image. Internal format is PF_X8R8G8B8,512x512x1.
17:14:52: Texture: morning_up.jpg: Loading 1 faces(PF_R8G8B8,512x512x1) with 5 hardware generated mipmaps from Image. Internal format is PF_X8R8G8B8,512x512x1.
17:14:52: Texture: morning_dn.jpg: Loading 1 faces(PF_R8G8B8,512x512x1) with 5 hardware generated mipmaps from Image. Internal format is PF_X8R8G8B8,512x512x1.
17:14:52: Mesh: Loading fighter.mesh.
17:14:52: Texture: wake.png: Loading 1 faces(PF_A8R8G8B8,256x256x1) with 5 hardware generated mipmaps from Image. Internal format is PF_A8R8G8B8,256x256x1.
17:14:54: Mesh: Loading missile.mesh.
17:14:54: WARNING: missile.mesh is an older format ([MeshSerializer_v1.40]); you should upgrade it as soon as possible using the OgreMeshUpgrade tool.
17:14:54: Texture: Metal.jpg: Loading 1 faces(PF_R8G8B8,360x360x1) with 5 hardware generated mipmaps from Image. Internal format is PF_X8R8G8B8,360x360x1.
17:15:32: DefaultWorkQueue('Root') shutting down on thread 0x26d9150.
17:15:32: DefaultWorkQueue('Root')::WorkerFunc - thread 0x2909120 stopped.
17:15:32: DefaultWorkQueue('Root')::WorkerFunc - thread 0x35a7a30 stopped.
17:15:32: DefaultWorkQueue('Root')::WorkerFunc - thread 0x35a8830 stopped.
17:15:32: DefaultWorkQueue('Root')::WorkerFunc - thread 0x35a81f0 stopped.
17:15:32: DefaultWorkQueue('Root')::WorkerFunc - thread 0x35a8520 stopped.
17:15:32: DefaultWorkQueue('Root')::WorkerFunc - thread 0x35a8b60 stopped.
17:15:32: DefaultWorkQueue('Root')::WorkerFunc - thread 0x35a8e90 stopped.
17:15:32: DefaultWorkQueue('Root')::WorkerFunc - thread 0x35a7d60 stopped.
17:15:32: Unregistering ResourceManager for type BspLevel
17:15:32: *-*-* OGRE Shutdown
17:15:32: Unregistering ResourceManager for type Compositor
17:15:32: Unregistering ResourceManager for type Font
17:15:32: Unregistering ResourceManager for type Skeleton
17:15:32: Unregistering ResourceManager for type Mesh
17:15:32: Unregistering ResourceManager for type HighLevelGpuProgram
17:15:32: Uninstalling plugin: Cg Program Manager
17:15:32: Plugin successfully uninstalled
17:15:32: Unloading library /usr/lib/OGRE/Plugin_CgProgramManager
17:15:32: Uninstalling plugin: Octree & Terrain Scene Manager
17:15:32: Plugin successfully uninstalled
17:15:32: Unloading library /usr/lib/OGRE/Plugin_OctreeSceneManager
17:15:32: Uninstalling plugin: BSP Scene Manager
17:15:32: Plugin successfully uninstalled
17:15:32: Unloading library /usr/lib/OGRE/Plugin_BSPSceneManager
17:15:32: Uninstalling plugin: ParticleFX
17:15:32: Plugin successfully uninstalled
17:15:32: Unloading library /usr/lib/OGRE/Plugin_ParticleFX
17:15:32: Uninstalling plugin: GL RenderSystem
17:15:32: Unregistering ResourceManager for type GpuProgram
17:15:32: ******************************
*** Stopping GLX Subsystem ***
******************************
17:15:32: Unregistering ResourceManager for type Texture
17:15:32: Plugin successfully uninstalled
17:15:32: Unloading library /usr/lib/OGRE/RenderSystem_GL
17:15:32: Unregistering ResourceManager for type Material
